#! /c/Source/iverilog-install/bin/vvp
:ivl_version "12.0 (devel)" "(s20150603-1110-g18392a46)";
:ivl_delay_selection "TYPICAL";
:vpi_time_precision - 9;
:vpi_module "C:\iverilog\lib\ivl\system.vpi";
:vpi_module "C:\iverilog\lib\ivl\vhdl_sys.vpi";
:vpi_module "C:\iverilog\lib\ivl\vhdl_textio.vpi";
:vpi_module "C:\iverilog\lib\ivl\v2005_math.vpi";
:vpi_module "C:\iverilog\lib\ivl\va_math.vpi";
S_0000025494f9b170 .scope module, "circuit4_tb" "circuit4_tb" 2 4;
 .timescale -9 -9;
v0000025495136160_0 .net "M", 0 0, L_0000025495133f90;  1 drivers
v0000025495136200_0 .var "X", 0 0;
v0000025495133e50_0 .var "Y", 0 0;
v0000025495133ef0_0 .var "Z", 0 0;
S_0000025495135df0 .scope module, "wew" "circuit4" 2 11, 3 1 0, S_0000025494f9b170;
 .timescale -9 -9;
    .port_info 0 /INPUT 1 "X";
    .port_info 1 /INPUT 1 "Y";
    .port_info 2 /INPUT 1 "Z";
    .port_info 3 /OUTPUT 1 "M";
L_0000025494f96e60 .functor NOT 1, v0000025495133e50_0, C4<0>, C4<0>, C4<0>;
L_0000025495134750 .functor AND 1, v0000025495136200_0, L_0000025494f96e60, C4<1>, C4<1>;
L_0000025495133f90 .functor OR 1, L_0000025495134750, v0000025495133ef0_0, C4<0>, C4<0>;
v0000025494f97090_0 .net "M", 0 0, L_0000025495133f90;  alias, 1 drivers
v0000025494f972d0_0 .net "X", 0 0, v0000025495136200_0;  1 drivers
v0000025494f96dc0_0 .net "Y", 0 0, v0000025495133e50_0;  1 drivers
v0000025495135f80_0 .net "Z", 0 0, v0000025495133ef0_0;  1 drivers
v0000025495136020_0 .net "w1", 0 0, L_0000025494f96e60;  1 drivers
v00000254951360c0_0 .net "w2", 0 0, L_0000025495134750;  1 drivers
    .scope S_0000025494f9b170;
T_0 ;
    %vpi_call 2 14 "$dumpfile", "circuit4_tb.vcd" {0 0 0};
    %vpi_call 2 15 "$dumpvars", 32'sb00000000000000000000000000000000, S_0000025494f9b170 {0 0 0};
    %pushi/vec4 0, 0, 1;
    %store/vec4 v0000025495136200_0, 0, 1;
    %pushi/vec4 0, 0, 1;
    %store/vec4 v0000025495133e50_0, 0, 1;
    %pushi/vec4 0, 0, 1;
    %store/vec4 v0000025495133ef0_0, 0, 1;
    %delay 20, 0;
    %pushi/vec4 0, 0, 1;
    %store/vec4 v0000025495136200_0, 0, 1;
    %pushi/vec4 0, 0, 1;
    %store/vec4 v0000025495133e50_0, 0, 1;
    %pushi/vec4 1, 0, 1;
    %store/vec4 v0000025495133ef0_0, 0, 1;
    %delay 20, 0;
    %pushi/vec4 0, 0, 1;
    %store/vec4 v0000025495136200_0, 0, 1;
    %pushi/vec4 1, 0, 1;
    %store/vec4 v0000025495133e50_0, 0, 1;
    %pushi/vec4 1, 0, 1;
    %store/vec4 v0000025495133ef0_0, 0, 1;
    %delay 20, 0;
    %pushi/vec4 1, 0, 1;
    %store/vec4 v0000025495136200_0, 0, 1;
    %pushi/vec4 1, 0, 1;
    %store/vec4 v0000025495133e50_0, 0, 1;
    %pushi/vec4 1, 0, 1;
    %store/vec4 v0000025495133ef0_0, 0, 1;
    %delay 20, 0;
    %vpi_call 2 29 "$display", "test complete 4" {0 0 0};
    %end;
    .thread T_0;
# The file index is used to find the file name in the following table.
:file_names 4;
    "N/A";
    "<interactive>";
    "num4_tb.v";
    "./num4.v";
