#! /c/Source/iverilog-install/bin/vvp
:ivl_version "12.0 (devel)" "(s20150603-1110-g18392a46)";
:ivl_delay_selection "TYPICAL";
:vpi_time_precision - 9;
:vpi_module "C:\iverilog\lib\ivl\system.vpi";
:vpi_module "C:\iverilog\lib\ivl\vhdl_sys.vpi";
:vpi_module "C:\iverilog\lib\ivl\vhdl_textio.vpi";
:vpi_module "C:\iverilog\lib\ivl\v2005_math.vpi";
:vpi_module "C:\iverilog\lib\ivl\va_math.vpi";
S_000001ba8a945f10 .scope module, "circuit3_tb" "circuit3_tb" 2 4;
 .timescale -9 -9;
v000001ba8a9462d0_0 .var "A", 0 0;
v000001ba8aaab670_0 .var "B", 0 0;
v000001ba8aaab710_0 .var "C", 0 0;
v000001ba8aaab7b0_0 .net "X", 0 0, L_000001ba8aaa6e60;  1 drivers
S_000001ba8a9460a0 .scope module, "wew" "circuit3" 2 11, 3 1 0, S_000001ba8a945f10;
 .timescale -9 -9;
    .port_info 0 /INPUT 1 "A";
    .port_info 1 /INPUT 1 "B";
    .port_info 2 /INPUT 1 "C";
    .port_info 3 /OUTPUT 1 "X";
L_000001ba8a946370 .functor XOR 1, v000001ba8a9462d0_0, v000001ba8aaab670_0, C4<0>, C4<0>;
L_000001ba8aaaa400 .functor XNOR 1, v000001ba8aaab670_0, v000001ba8aaab710_0, C4<0>, C4<0>;
L_000001ba8aaa6e60 .functor AND 1, L_000001ba8a946370, L_000001ba8aaaa400, v000001ba8aaab710_0, C4<1>;
v000001ba8aaa7090_0 .net "A", 0 0, v000001ba8a9462d0_0;  1 drivers
v000001ba8aaa72d0_0 .net "B", 0 0, v000001ba8aaab670_0;  1 drivers
v000001ba8aaa8740_0 .net "C", 0 0, v000001ba8aaab710_0;  1 drivers
v000001ba8aaa6dc0_0 .net "X", 0 0, L_000001ba8aaa6e60;  alias, 1 drivers
v000001ba8aaaa360_0 .net "Y", 0 0, L_000001ba8aaaa400;  1 drivers
v000001ba8a946230_0 .net "Z", 0 0, L_000001ba8a946370;  1 drivers
    .scope S_000001ba8a945f10;
T_0 ;
    %vpi_call 2 14 "$dumpfile", "circuit3_tb.vcd" {0 0 0};
    %vpi_call 2 15 "$dumpvars", 32'sb00000000000000000000000000000000, S_000001ba8a945f10 {0 0 0};
    %pushi/vec4 0, 0, 1;
    %store/vec4 v000001ba8a9462d0_0, 0, 1;
    %pushi/vec4 0, 0, 1;
    %store/vec4 v000001ba8aaab670_0, 0, 1;
    %pushi/vec4 0, 0, 1;
    %store/vec4 v000001ba8aaab710_0, 0, 1;
    %delay 20, 0;
    %pushi/vec4 0, 0, 1;
    %store/vec4 v000001ba8a9462d0_0, 0, 1;
    %pushi/vec4 0, 0, 1;
    %store/vec4 v000001ba8aaab670_0, 0, 1;
    %pushi/vec4 1, 0, 1;
    %store/vec4 v000001ba8aaab710_0, 0, 1;
    %delay 20, 0;
    %pushi/vec4 0, 0, 1;
    %store/vec4 v000001ba8a9462d0_0, 0, 1;
    %pushi/vec4 1, 0, 1;
    %store/vec4 v000001ba8aaab670_0, 0, 1;
    %pushi/vec4 1, 0, 1;
    %store/vec4 v000001ba8aaab710_0, 0, 1;
    %delay 20, 0;
    %pushi/vec4 1, 0, 1;
    %store/vec4 v000001ba8a9462d0_0, 0, 1;
    %pushi/vec4 1, 0, 1;
    %store/vec4 v000001ba8aaab670_0, 0, 1;
    %pushi/vec4 1, 0, 1;
    %store/vec4 v000001ba8aaab710_0, 0, 1;
    %delay 20, 0;
    %vpi_call 2 29 "$display", "test complete 3" {0 0 0};
    %end;
    .thread T_0;
# The file index is used to find the file name in the following table.
:file_names 4;
    "N/A";
    "<interactive>";
    "num3_tb.v";
    "./num3.v";
