#! /c/Source/iverilog-install/bin/vvp
:ivl_version "12.0 (devel)" "(s20150603-1110-g18392a46)";
:ivl_delay_selection "TYPICAL";
:vpi_time_precision - 9;
:vpi_module "C:\iverilog\lib\ivl\system.vpi";
:vpi_module "C:\iverilog\lib\ivl\vhdl_sys.vpi";
:vpi_module "C:\iverilog\lib\ivl\vhdl_textio.vpi";
:vpi_module "C:\iverilog\lib\ivl\v2005_math.vpi";
:vpi_module "C:\iverilog\lib\ivl\va_math.vpi";
S_00000270e24fb050 .scope module, "circuit2_tb" "circuit2_tb" 2 4;
 .timescale -9 -9;
v00000270e26b6c40_0 .net "E", 0 0, L_00000270e26b3b20;  1 drivers
v00000270e26b6ce0_0 .var "I", 0 0;
v00000270e26b6d80_0 .var "L", 0 0;
v00000270e26b6e20_0 .var "M", 0 0;
v00000270e26b3640_0 .var "R", 0 0;
S_00000270e26b6a10 .scope module, "wew" "circuit2" 2 12, 3 1 0, S_00000270e24fb050;
 .timescale -9 -9;
    .port_info 0 /INPUT 1 "I";
    .port_info 1 /INPUT 1 "M";
    .port_info 2 /INPUT 1 "R";
    .port_info 3 /INPUT 1 "L";
    .port_info 4 /OUTPUT 1 "E";
L_00000270e24f6e60 .functor NOT 1, v00000270e26b6e20_0, C4<0>, C4<0>, C4<0>;
L_00000270e26b4750 .functor AND 1, v00000270e26b6ce0_0, L_00000270e24f6e60, C4<1>, C4<1>;
L_00000270e26b3a40 .functor AND 1, L_00000270e24f6e60, v00000270e26b3640_0, v00000270e26b6d80_0, C4<1>;
L_00000270e26b3b20 .functor OR 1, L_00000270e26b4750, L_00000270e26b3a40, C4<0>, C4<0>;
v00000270e24f7090_0 .net "E", 0 0, L_00000270e26b3b20;  alias, 1 drivers
v00000270e24f72d0_0 .net "I", 0 0, v00000270e26b6ce0_0;  1 drivers
v00000270e24f6dc0_0 .net "L", 0 0, v00000270e26b6d80_0;  1 drivers
v00000270e24fbc40_0 .net "M", 0 0, v00000270e26b6e20_0;  1 drivers
v00000270e24fbce0_0 .net "R", 0 0, v00000270e26b3640_0;  1 drivers
v00000270e24f8fe0_0 .net "X", 0 0, L_00000270e24f6e60;  1 drivers
v00000270e24f9080_0 .net "Y", 0 0, L_00000270e26b4750;  1 drivers
v00000270e26b6ba0_0 .net "Z", 0 0, L_00000270e26b3a40;  1 drivers
    .scope S_00000270e24fb050;
T_0 ;
    %vpi_call 2 15 "$dumpfile", "circuit2_tb.vcd" {0 0 0};
    %vpi_call 2 16 "$dumpvars", 32'sb00000000000000000000000000000000, S_00000270e24fb050 {0 0 0};
    %pushi/vec4 0, 0, 1;
    %store/vec4 v00000270e26b6ce0_0, 0, 1;
    %pushi/vec4 0, 0, 1;
    %store/vec4 v00000270e26b6e20_0, 0, 1;
    %pushi/vec4 0, 0, 1;
    %store/vec4 v00000270e26b3640_0, 0, 1;
    %pushi/vec4 0, 0, 1;
    %store/vec4 v00000270e26b6d80_0, 0, 1;
    %delay 20, 0;
    %pushi/vec4 0, 0, 1;
    %store/vec4 v00000270e26b6ce0_0, 0, 1;
    %pushi/vec4 0, 0, 1;
    %store/vec4 v00000270e26b6e20_0, 0, 1;
    %pushi/vec4 0, 0, 1;
    %store/vec4 v00000270e26b3640_0, 0, 1;
    %pushi/vec4 1, 0, 1;
    %store/vec4 v00000270e26b6d80_0, 0, 1;
    %delay 20, 0;
    %pushi/vec4 0, 0, 1;
    %store/vec4 v00000270e26b6ce0_0, 0, 1;
    %pushi/vec4 0, 0, 1;
    %store/vec4 v00000270e26b6e20_0, 0, 1;
    %pushi/vec4 1, 0, 1;
    %store/vec4 v00000270e26b3640_0, 0, 1;
    %pushi/vec4 1, 0, 1;
    %store/vec4 v00000270e26b6d80_0, 0, 1;
    %delay 20, 0;
    %pushi/vec4 0, 0, 1;
    %store/vec4 v00000270e26b6ce0_0, 0, 1;
    %pushi/vec4 1, 0, 1;
    %store/vec4 v00000270e26b6e20_0, 0, 1;
    %pushi/vec4 1, 0, 1;
    %store/vec4 v00000270e26b3640_0, 0, 1;
    %pushi/vec4 1, 0, 1;
    %store/vec4 v00000270e26b6d80_0, 0, 1;
    %delay 20, 0;
    %pushi/vec4 1, 0, 1;
    %store/vec4 v00000270e26b6ce0_0, 0, 1;
    %pushi/vec4 1, 0, 1;
    %store/vec4 v00000270e26b6e20_0, 0, 1;
    %pushi/vec4 1, 0, 1;
    %store/vec4 v00000270e26b3640_0, 0, 1;
    %pushi/vec4 1, 0, 1;
    %store/vec4 v00000270e26b6d80_0, 0, 1;
    %delay 20, 0;
    %vpi_call 2 33 "$display", "test complete 2" {0 0 0};
    %end;
    .thread T_0;
# The file index is used to find the file name in the following table.
:file_names 4;
    "N/A";
    "<interactive>";
    "num2_tb.v";
    "./num2.v";
