#! /c/Source/iverilog-install/bin/vvp
:ivl_version "12.0 (devel)" "(s20150603-1110-g18392a46)";
:ivl_delay_selection "TYPICAL";
:vpi_time_precision - 9;
:vpi_module "C:\iverilog\lib\ivl\system.vpi";
:vpi_module "C:\iverilog\lib\ivl\vhdl_sys.vpi";
:vpi_module "C:\iverilog\lib\ivl\vhdl_textio.vpi";
:vpi_module "C:\iverilog\lib\ivl\v2005_math.vpi";
:vpi_module "C:\iverilog\lib\ivl\va_math.vpi";
S_0000021687246a50 .scope module, "full_adder_tb" "full_adder_tb" 2 4;
 .timescale -9 -9;
v0000021687290170_0 .var "a", 0 0;
v0000021687290210_0 .var "b", 0 0;
v00000216872902b0_0 .net "carry", 0 0, L_00000216871fa0b0;  1 drivers
v0000021687290350_0 .var "cin", 0 0;
v0000021687243b30_0 .net "sum", 0 0, L_00000216871f9ef0;  1 drivers
S_0000021687246be0 .scope module, "uut" "full_adder" 2 10, 3 1 0, S_0000021687246a50;
 .timescale -9 -9;
    .port_info 0 /OUTPUT 1 "sum";
    .port_info 1 /OUTPUT 1 "carry";
    .port_info 2 /INPUT 1 "a";
    .port_info 3 /INPUT 1 "b";
    .port_info 4 /INPUT 1 "cin";
L_00000216871f9da0/d .functor XOR 1, v0000021687290170_0, v0000021687290210_0, C4<0>, C4<0>;
L_00000216871f9da0 .delay 1 (3,3,3) L_00000216871f9da0/d;
L_00000216871f9ef0/d .functor XOR 1, L_00000216871f9da0, v0000021687290350_0, C4<0>, C4<0>;
L_00000216871f9ef0 .delay 1 (1,4,1) L_00000216871f9ef0/d;
L_00000216871fa270/d .functor AND 1, v0000021687290170_0, v0000021687290210_0, C4<1>, C4<1>;
L_00000216871fa270 .delay 1 (2,4,2) L_00000216871fa270/d;
L_00000216871fa040/d .functor AND 1, v0000021687290350_0, L_00000216871f9da0, C4<1>, C4<1>;
L_00000216871fa040 .delay 1 (3,4,3) L_00000216871fa040/d;
L_00000216871fa0b0/d .functor OR 1, L_00000216871fa040, L_00000216871fa270, C4<0>, C4<0>;
L_00000216871fa0b0 .delay 1 (3,4,3) L_00000216871fa0b0/d;
v00000216871fac00_0 .net "a", 0 0, v0000021687290170_0;  1 drivers
v00000216871f6dd0_0 .net "b", 0 0, v0000021687290210_0;  1 drivers
v00000216871fbbf0_0 .net "carry", 0 0, L_00000216871fa0b0;  alias, 1 drivers
v00000216871fbc90_0 .net "cin", 0 0, v0000021687290350_0;  1 drivers
v0000021687246d70_0 .net "j", 0 0, L_00000216871fa270;  1 drivers
v0000021687246e10_0 .net "k", 0 0, L_00000216871fa040;  1 drivers
v0000021687290030_0 .net "s", 0 0, L_00000216871f9da0;  1 drivers
v00000216872900d0_0 .net "sum", 0 0, L_00000216871f9ef0;  alias, 1 drivers
    .scope S_0000021687246a50;
T_0 ;
    %vpi_call 2 13 "$monitor", "time=%g,a=%b ,b=%b,Cin=%B, CARRY =%b, SUM = %b", $time, v0000021687290170_0, v0000021687290210_0, v0000021687290350_0, v0000021687243b30_0, v00000216872902b0_0 {0 0 0};
    %vpi_call 2 14 "$dumpfile", "full_adder_tb.vcd" {0 0 0};
    %vpi_call 2 15 "$dumpvars", 32'sb00000000000000000000000000000000, S_0000021687246a50 {0 0 0};
    %pushi/vec4 0, 0, 1;
    %store/vec4 v0000021687290170_0, 0, 1;
    %pushi/vec4 0, 0, 1;
    %store/vec4 v0000021687290210_0, 0, 1;
    %pushi/vec4 1, 0, 1;
    %store/vec4 v0000021687290350_0, 0, 1;
    %delay 5, 0;
    %pushi/vec4 1, 0, 1;
    %store/vec4 v0000021687290170_0, 0, 1;
    %pushi/vec4 0, 0, 1;
    %store/vec4 v0000021687290210_0, 0, 1;
    %pushi/vec4 0, 0, 1;
    %store/vec4 v0000021687290350_0, 0, 1;
    %delay 5, 0;
    %pushi/vec4 1, 0, 1;
    %store/vec4 v0000021687290170_0, 0, 1;
    %pushi/vec4 1, 0, 1;
    %store/vec4 v0000021687290210_0, 0, 1;
    %pushi/vec4 1, 0, 1;
    %store/vec4 v0000021687290350_0, 0, 1;
    %delay 5, 0;
    %pushi/vec4 0, 0, 1;
    %store/vec4 v0000021687290170_0, 0, 1;
    %pushi/vec4 1, 0, 1;
    %store/vec4 v0000021687290210_0, 0, 1;
    %pushi/vec4 0, 0, 1;
    %store/vec4 v0000021687290350_0, 0, 1;
    %delay 5, 0;
    %pushi/vec4 0, 0, 1;
    %store/vec4 v0000021687290170_0, 0, 1;
    %pushi/vec4 1, 0, 1;
    %store/vec4 v0000021687290210_0, 0, 1;
    %pushi/vec4 1, 0, 1;
    %store/vec4 v0000021687290350_0, 0, 1;
    %delay 5, 0;
    %pushi/vec4 0, 0, 1;
    %store/vec4 v0000021687290170_0, 0, 1;
    %pushi/vec4 0, 0, 1;
    %store/vec4 v0000021687290210_0, 0, 1;
    %pushi/vec4 0, 0, 1;
    %store/vec4 v0000021687290350_0, 0, 1;
    %delay 5, 0;
    %pushi/vec4 1, 0, 1;
    %store/vec4 v0000021687290170_0, 0, 1;
    %pushi/vec4 1, 0, 1;
    %store/vec4 v0000021687290210_0, 0, 1;
    %pushi/vec4 0, 0, 1;
    %store/vec4 v0000021687290350_0, 0, 1;
    %delay 5, 0;
    %vpi_call 2 38 "$display", "test complete" {0 0 0};
    %end;
    .thread T_0;
# The file index is used to find the file name in the following table.
:file_names 4;
    "N/A";
    "<interactive>";
    "delaytime_tb.v";
    "./delay.v";
