#! /c/Source/iverilog-install/bin/vvp
:ivl_version "12.0 (devel)" "(s20150603-1110-g18392a46)";
:ivl_delay_selection "TYPICAL";
:vpi_time_precision - 9;
:vpi_module "C:\iverilog\lib\ivl\system.vpi";
:vpi_module "C:\iverilog\lib\ivl\vhdl_sys.vpi";
:vpi_module "C:\iverilog\lib\ivl\vhdl_textio.vpi";
:vpi_module "C:\iverilog\lib\ivl\v2005_math.vpi";
:vpi_module "C:\iverilog\lib\ivl\va_math.vpi";
S_00000226b32dbbd0 .scope module, "cla_tb" "cla_tb" 2 4;
 .timescale -9 -9;
v00000226b32d6cf0_0 .var "Cin", 0 0;
v00000226b32d6d90_0 .var "a", 0 0;
v00000226b336eda0_0 .var "b", 0 0;
v00000226b336f700_0 .net "carry", 0 0, L_00000226b3322c60;  1 drivers
v00000226b336ea80_0 .net "sum", 0 0, L_00000226b33226b0;  1 drivers
S_00000226b32db370 .scope module, "uut" "cla" 2 9, 3 1 0, S_00000226b32dbbd0;
 .timescale -9 -9;
    .port_info 0 /INPUT 1 "a";
    .port_info 1 /INPUT 1 "b";
    .port_info 2 /INPUT 1 "Cin";
    .port_info 3 /OUTPUT 1 "sum";
    .port_info 4 /OUTPUT 1 "carry";
L_00000226b33246f0 .functor BUF 1, v00000226b32d6cf0_0, C4<0>, C4<0>, C4<0>;
L_00000226b3322800 .functor XOR 1, v00000226b32d6d90_0, v00000226b336eda0_0, C4<0>, C4<0>;
L_00000226b3322aa0 .functor AND 1, v00000226b32d6d90_0, v00000226b336eda0_0, C4<1>, C4<1>;
L_00000226b3322d40 .functor AND 1, L_00000226b33246f0, L_00000226b3322800, C4<1>, C4<1>;
L_00000226b33226b0 .functor XOR 1, L_00000226b3322800, L_00000226b33246f0, C4<0>, C4<0>;
L_00000226b3322c60 .functor OR 1, L_00000226b3322aa0, L_00000226b3322d40, C4<0>, C4<0>;
v00000226b32da500_0 .net "Cin", 0 0, v00000226b32d6cf0_0;  1 drivers
v00000226b32dd180_0 .net "a", 0 0, v00000226b32d6d90_0;  1 drivers
v00000226b32db500_0 .net "b", 0 0, v00000226b336eda0_0;  1 drivers
v00000226b32db5a0_0 .net "c0", 0 0, L_00000226b33246f0;  1 drivers
v00000226b32d69d0_0 .net "carry", 0 0, L_00000226b3322c60;  alias, 1 drivers
v00000226b32d6a70_0 .net "d", 0 0, L_00000226b3322d40;  1 drivers
v00000226b32d6b10_0 .net "g", 0 0, L_00000226b3322aa0;  1 drivers
v00000226b32d6bb0_0 .net "p", 0 0, L_00000226b3322800;  1 drivers
v00000226b32d6c50_0 .net "sum", 0 0, L_00000226b33226b0;  alias, 1 drivers
    .scope S_00000226b32dbbd0;
T_0 ;
    %vpi_call 2 12 "$dumpfile", "carry_tb.vcd" {0 0 0};
    %vpi_call 2 13 "$dumpvars", 32'sb00000000000000000000000000000000, S_00000226b32dbbd0 {0 0 0};
    %pushi/vec4 1, 0, 1;
    %store/vec4 v00000226b32d6d90_0, 0, 1;
    %pushi/vec4 0, 0, 1;
    %store/vec4 v00000226b336eda0_0, 0, 1;
    %pushi/vec4 1, 0, 1;
    %store/vec4 v00000226b32d6cf0_0, 0, 1;
    %delay 20, 0;
    %pushi/vec4 1, 0, 1;
    %store/vec4 v00000226b32d6d90_0, 0, 1;
    %pushi/vec4 1, 0, 1;
    %store/vec4 v00000226b336eda0_0, 0, 1;
    %pushi/vec4 1, 0, 1;
    %store/vec4 v00000226b32d6cf0_0, 0, 1;
    %delay 20, 0;
    %pushi/vec4 1, 0, 1;
    %store/vec4 v00000226b32d6d90_0, 0, 1;
    %pushi/vec4 1, 0, 1;
    %store/vec4 v00000226b336eda0_0, 0, 1;
    %pushi/vec4 1, 0, 1;
    %store/vec4 v00000226b32d6cf0_0, 0, 1;
    %delay 20, 0;
    %pushi/vec4 0, 0, 1;
    %store/vec4 v00000226b32d6d90_0, 0, 1;
    %pushi/vec4 1, 0, 1;
    %store/vec4 v00000226b336eda0_0, 0, 1;
    %pushi/vec4 0, 0, 1;
    %store/vec4 v00000226b32d6cf0_0, 0, 1;
    %delay 20, 0;
    %pushi/vec4 1, 0, 1;
    %store/vec4 v00000226b32d6d90_0, 0, 1;
    %pushi/vec4 1, 0, 1;
    %store/vec4 v00000226b336eda0_0, 0, 1;
    %pushi/vec4 1, 0, 1;
    %store/vec4 v00000226b32d6cf0_0, 0, 1;
    %delay 20, 0;
    %pushi/vec4 0, 0, 1;
    %store/vec4 v00000226b32d6d90_0, 0, 1;
    %pushi/vec4 1, 0, 1;
    %store/vec4 v00000226b336eda0_0, 0, 1;
    %pushi/vec4 1, 0, 1;
    %store/vec4 v00000226b32d6cf0_0, 0, 1;
    %delay 20, 0;
    %vpi_call 2 33 "$monitor", $time, " Sum = %b, Carry = %b ", v00000226b336ea80_0, v00000226b336f700_0 {0 0 0};
    %vpi_call 2 34 "$display", "test complete" {0 0 0};
    %end;
    .thread T_0;
# The file index is used to find the file name in the following table.
:file_names 4;
    "N/A";
    "<interactive>";
    "carry_tb.v";
    "./Carry.v";
