#! /c/Source/iverilog-install/bin/vvp
:ivl_version "12.0 (devel)" "(s20150603-1110-g18392a46)";
:ivl_delay_selection "TYPICAL";
:vpi_time_precision - 9;
:vpi_module "C:\iverilog\lib\ivl\system.vpi";
:vpi_module "C:\iverilog\lib\ivl\vhdl_sys.vpi";
:vpi_module "C:\iverilog\lib\ivl\vhdl_textio.vpi";
:vpi_module "C:\iverilog\lib\ivl\v2005_math.vpi";
:vpi_module "C:\iverilog\lib\ivl\va_math.vpi";
S_00000167fb466b90 .scope module, "xor_tb" "xor_tb" 2 4;
 .timescale -9 -9;
v00000167fb463010_0 .var "A", 0 0;
v00000167fb4630b0_0 .var "B", 0 0;
v00000167fb463960_0 .net "C", 0 0, L_00000167fb463dd0;  1 drivers
S_00000167fb466d20 .scope module, "wew" "circuit7" 2 9, 3 1 0, S_00000167fb466b90;
 .timescale -9 -9;
    .port_info 0 /INPUT 1 "A";
    .port_info 1 /INPUT 1 "B";
    .port_info 2 /OUTPUT 1 "C";
L_00000167fb276e60 .functor NOT 1, v00000167fb4630b0_0, C4<0>, C4<0>, C4<0>;
L_00000167fb464750 .functor NOT 1, v00000167fb463010_0, C4<0>, C4<0>, C4<0>;
L_00000167fb463a00 .functor AND 1, v00000167fb463010_0, L_00000167fb276e60, C4<1>, C4<1>;
L_00000167fb463a70 .functor AND 1, v00000167fb4630b0_0, L_00000167fb464750, C4<1>, C4<1>;
L_00000167fb463dd0 .functor OR 1, L_00000167fb463a70, L_00000167fb463a00, C4<0>, C4<0>;
v00000167fb466eb0_0 .net "A", 0 0, v00000167fb463010_0;  1 drivers
v00000167fb277090_0 .net "B", 0 0, v00000167fb4630b0_0;  1 drivers
v00000167fb2772d0_0 .net "C", 0 0, L_00000167fb463dd0;  alias, 1 drivers
v00000167fb276dc0_0 .net "W", 0 0, L_00000167fb463a00;  1 drivers
v00000167fb462e30_0 .net "X", 0 0, L_00000167fb276e60;  1 drivers
v00000167fb462ed0_0 .net "Y", 0 0, L_00000167fb464750;  1 drivers
v00000167fb462f70_0 .net "Z", 0 0, L_00000167fb463a70;  1 drivers
    .scope S_00000167fb466b90;
T_0 ;
    %vpi_call 2 13 "$dumpfile", "xor_tb.vcd" {0 0 0};
    %vpi_call 2 14 "$dumpvars", 32'sb00000000000000000000000000000000, S_00000167fb466b90 {0 0 0};
    %pushi/vec4 0, 0, 1;
    %store/vec4 v00000167fb463010_0, 0, 1;
    %pushi/vec4 0, 0, 1;
    %store/vec4 v00000167fb4630b0_0, 0, 1;
    %delay 10, 0;
    %pushi/vec4 0, 0, 1;
    %store/vec4 v00000167fb463010_0, 0, 1;
    %pushi/vec4 1, 0, 1;
    %store/vec4 v00000167fb4630b0_0, 0, 1;
    %delay 10, 0;
    %pushi/vec4 1, 0, 1;
    %store/vec4 v00000167fb463010_0, 0, 1;
    %pushi/vec4 0, 0, 1;
    %store/vec4 v00000167fb4630b0_0, 0, 1;
    %delay 10, 0;
    %pushi/vec4 1, 0, 1;
    %store/vec4 v00000167fb463010_0, 0, 1;
    %pushi/vec4 1, 0, 1;
    %store/vec4 v00000167fb4630b0_0, 0, 1;
    %delay 10, 0;
    %end;
    .thread T_0;
# The file index is used to find the file name in the following table.
:file_names 4;
    "N/A";
    "<interactive>";
    "xorgate_tb.v";
    "./xorgate.v";
