#! /c/Source/iverilog-install/bin/vvp
:ivl_version "12.0 (devel)" "(s20150603-1110-g18392a46)";
:ivl_delay_selection "TYPICAL";
:vpi_time_precision - 9;
:vpi_module "C:\iverilog\lib\ivl\system.vpi";
:vpi_module "C:\iverilog\lib\ivl\vhdl_sys.vpi";
:vpi_module "C:\iverilog\lib\ivl\vhdl_textio.vpi";
:vpi_module "C:\iverilog\lib\ivl\v2005_math.vpi";
:vpi_module "C:\iverilog\lib\ivl\va_math.vpi";
S_000001529943b640 .scope module, "circuit5_tb" "circuit5_tb" 2 4;
 .timescale -9 -9;
v00000152994869d0_0 .var "A", 0 0;
v0000015299486a70_0 .var "B", 0 0;
v0000015299486b10_0 .net "carry", 0 0, L_0000015299483720;  1 drivers
v0000015299486bb0_0 .net "sum", 0 0, L_0000015299483b80;  1 drivers
S_0000015299486840 .scope module, "wew" "circuit5" 2 11, 3 1 0, S_000001529943b640;
 .timescale -9 -9;
    .port_info 0 /INPUT 1 "A";
    .port_info 1 /INPUT 1 "B";
    .port_info 2 /OUTPUT 1 "sum";
    .port_info 3 /OUTPUT 1 "carry";
L_0000015299436e60 .functor NAND 1, v00000152994869d0_0, v0000015299486a70_0, C4<1>, C4<1>;
L_0000015299483790 .functor OR 1, v00000152994869d0_0, v0000015299486a70_0, C4<0>, C4<0>;
L_0000015299483b80 .functor AND 1, L_0000015299436e60, L_0000015299483790, C4<1>, C4<1>;
L_0000015299483720 .functor AND 1, v00000152994869d0_0, v0000015299486a70_0, C4<1>, C4<1>;
v0000015299437090_0 .net "A", 0 0, v00000152994869d0_0;  1 drivers
v00000152994372d0_0 .net "B", 0 0, v0000015299486a70_0;  1 drivers
v0000015299436dc0_0 .net "carry", 0 0, L_0000015299483720;  alias, 1 drivers
v0000015299438fb0_0 .net "sum", 0 0, L_0000015299483b80;  alias, 1 drivers
v000001529943b7d0_0 .net "w1", 0 0, L_0000015299436e60;  1 drivers
v000001529943b870_0 .net "w2", 0 0, L_0000015299483790;  1 drivers
    .scope S_000001529943b640;
T_0 ;
    %vpi_call 2 15 "$monitor", "time=%d:%b   %b  SUM = %b\012", $time, v00000152994869d0_0, v0000015299486a70_0, v0000015299486bb0_0, v0000015299486b10_0 {0 0 0};
    %vpi_call 2 16 "$dumpfile", "circuit5_tb.vcd" {0 0 0};
    %vpi_call 2 17 "$dumpvars", 32'sb00000000000000000000000000000000, S_000001529943b640 {0 0 0};
    %pushi/vec4 0, 0, 1;
    %store/vec4 v00000152994869d0_0, 0, 1;
    %pushi/vec4 0, 0, 1;
    %store/vec4 v0000015299486a70_0, 0, 1;
    %delay 20, 0;
    %pushi/vec4 0, 0, 1;
    %store/vec4 v00000152994869d0_0, 0, 1;
    %pushi/vec4 1, 0, 1;
    %store/vec4 v0000015299486a70_0, 0, 1;
    %delay 20, 0;
    %pushi/vec4 1, 0, 1;
    %store/vec4 v00000152994869d0_0, 0, 1;
    %pushi/vec4 1, 0, 1;
    %store/vec4 v0000015299486a70_0, 0, 1;
    %delay 20, 0;
    %vpi_call 2 28 "$display", "test complete HALF-ADDER" {0 0 0};
    %end;
    .thread T_0;
# The file index is used to find the file name in the following table.
:file_names 4;
    "N/A";
    "<interactive>";
    "halfadder_tb.v";
    "./halfadder.v";
